/*C3*/SET SCHEMA PUBLIC
drop table if exists EVOLUCION CASCADE 
drop table if exists EVOLUCION_POKEMON CASCADE 
drop table if exists MOVIMIENTO CASCADE 
drop table if exists MOVIMIENTO_POKEMON CASCADE 
drop table if exists POKEMON CASCADE 
drop table if exists TIPO CASCADE 
drop table if exists Tipo_eficacias CASCADE 
drop table if exists TIPO_POKEMON CASCADE 
create table EVOLUCION (id integer generated by default as identity (start with 1), metodoEvolucion varchar(255) not null, primary key (id))
create table EVOLUCION_POKEMON (evoluciones_id integer not null, pokemons_id integer not null, primary key (evoluciones_id, pokemons_id))
create table MOVIMIENTO (identificador integer generated by default as identity (start with 1), descripcion varchar(255) not null, nombre varchar(255) not null, potencia integer, precision integer, prioridad integer not null, tipoMovimiento varchar(255) not null, id integer, primary key (identificador))
create table MOVIMIENTO_POKEMON (movimientos_identificador integer not null, pokemons_id integer not null, primary key (movimientos_identificador, pokemons_id))
create table POKEMON (id integer generated by default as identity (start with 1), nombre varchar(255) not null, primary key (id))
create table TIPO (id integer generated by default as identity (start with 1), nombre varchar(255) not null, primary key (id))
create table Tipo_eficacias (Tipo_id integer not null, eficacias integer)
create table TIPO_POKEMON (tipos_id integer not null, pokemons_id integer not null, primary key (tipos_id, pokemons_id))
alter table POKEMON add constraint UK_irp8j58wlsgiy9rfaawpcbcu5 unique (nombre)
alter table TIPO add constraint UK_hm9i26stk0f88qx9vfkpbfpho unique (nombre)
alter table EVOLUCION_POKEMON add constraint FKgjq7ujab34idi6i6eppslyyyn foreign key (pokemons_id) references POKEMON
alter table EVOLUCION_POKEMON add constraint FKp2hdk1wya5vxaeebn7bd7vijf foreign key (evoluciones_id) references EVOLUCION
alter table MOVIMIENTO add constraint FKqst5he0ka1c0ofv7h636xuf0 foreign key (id) references TIPO
alter table MOVIMIENTO_POKEMON add constraint FKfj2wkur7t84xck15kubyxdign foreign key (pokemons_id) references POKEMON
alter table MOVIMIENTO_POKEMON add constraint FKa4ym0jtgmjwsbfii2ebuvhhi4 foreign key (movimientos_identificador) references MOVIMIENTO
alter table Tipo_eficacias add constraint FK3kadews5dsfmsaivpxc2ipqre foreign key (Tipo_id) references TIPO
alter table TIPO_POKEMON add constraint FK2xvj1g33oqj7pgn6d5prwmgv2 foreign key (pokemons_id) references POKEMON
alter table TIPO_POKEMON add constraint FKaohmjcvr7fg60wcnsfolr1ew0 foreign key (tipos_id) references TIPO
INSERT INTO TIPO VALUES(1,'Normal')
INSERT INTO TIPO VALUES(2,'Lucha')
INSERT INTO TIPO VALUES(3,'Volador')
INSERT INTO TIPO VALUES(4,'Veneno')
INSERT INTO TIPO VALUES(5,'Tierra')
INSERT INTO TIPO VALUES(6,'Roca')
INSERT INTO TIPO VALUES(7,'Bicho')
INSERT INTO TIPO VALUES(8,'Fantasma')
INSERT INTO TIPO VALUES(9,'Acero')
INSERT INTO TIPO VALUES(10,'Fuego')
INSERT INTO TIPO VALUES(11,'Agua')
INSERT INTO TIPO VALUES(12,'Planta')
INSERT INTO TIPO VALUES(13,'El\u00e9ctrico')
INSERT INTO TIPO VALUES(14,'Ps\u00edquico')
INSERT INTO TIPO VALUES(15,'Hielo')
INSERT INTO TIPO VALUES(16,'Drag\u00f3n')
INSERT INTO TIPO VALUES(17,'Siniestro')
INSERT INTO TIPO VALUES(18,'Hada')
INSERT INTO EVOLUCION VALUES(1,'NIVEL')
INSERT INTO POKEMON VALUES(1,'Ivysaur')
INSERT INTO EVOLUCION VALUES(2,'NIVEL')
INSERT INTO POKEMON VALUES(2,'Venesaur')
INSERT INTO POKEMON VALUES(3,'Bulbasaur')
INSERT INTO TIPO_EFICACIAS VALUES(1,2)
INSERT INTO TIPO_EFICACIAS VALUES(1,2)
INSERT INTO TIPO_EFICACIAS VALUES(1,2)
INSERT INTO TIPO_EFICACIAS VALUES(1,2)
INSERT INTO TIPO_EFICACIAS VALUES(1,2)
INSERT INTO TIPO_EFICACIAS VALUES(1,1)
INSERT INTO TIPO_EFICACIAS VALUES(1,2)
INSERT INTO TIPO_EFICACIAS VALUES(1,0)
INSERT INTO TIPO_EFICACIAS VALUES(1,1)
INSERT INTO TIPO_EFICACIAS VALUES(1,2)
INSERT INTO TIPO_EFICACIAS VALUES(1,2)
INSERT INTO TIPO_EFICACIAS VALUES(1,2)
INSERT INTO TIPO_EFICACIAS VALUES(1,2)
INSERT INTO TIPO_EFICACIAS VALUES(1,2)
INSERT INTO TIPO_EFICACIAS VALUES(1,2)
INSERT INTO TIPO_EFICACIAS VALUES(1,2)
INSERT INTO TIPO_EFICACIAS VALUES(1,2)
INSERT INTO TIPO_EFICACIAS VALUES(1,2)
INSERT INTO TIPO_EFICACIAS VALUES(2,3)
INSERT INTO TIPO_EFICACIAS VALUES(2,2)
INSERT INTO TIPO_EFICACIAS VALUES(2,1)
INSERT INTO TIPO_EFICACIAS VALUES(2,1)
INSERT INTO TIPO_EFICACIAS VALUES(2,2)
INSERT INTO TIPO_EFICACIAS VALUES(2,3)
INSERT INTO TIPO_EFICACIAS VALUES(2,1)
INSERT INTO TIPO_EFICACIAS VALUES(2,0)
INSERT INTO TIPO_EFICACIAS VALUES(2,3)
INSERT INTO TIPO_EFICACIAS VALUES(2,2)
INSERT INTO TIPO_EFICACIAS VALUES(2,2)
INSERT INTO TIPO_EFICACIAS VALUES(2,2)
INSERT INTO TIPO_EFICACIAS VALUES(2,2)
INSERT INTO TIPO_EFICACIAS VALUES(2,1)
INSERT INTO TIPO_EFICACIAS VALUES(2,3)
INSERT INTO TIPO_EFICACIAS VALUES(2,2)
INSERT INTO TIPO_EFICACIAS VALUES(2,3)
INSERT INTO TIPO_EFICACIAS VALUES(2,1)
INSERT INTO TIPO_EFICACIAS VALUES(3,2)
INSERT INTO TIPO_EFICACIAS VALUES(3,3)
INSERT INTO TIPO_EFICACIAS VALUES(3,2)
INSERT INTO TIPO_EFICACIAS VALUES(3,2)
INSERT INTO TIPO_EFICACIAS VALUES(3,2)
INSERT INTO TIPO_EFICACIAS VALUES(3,1)
INSERT INTO TIPO_EFICACIAS VALUES(3,3)
INSERT INTO TIPO_EFICACIAS VALUES(3,2)
INSERT INTO TIPO_EFICACIAS VALUES(3,1)
INSERT INTO TIPO_EFICACIAS VALUES(3,2)
INSERT INTO TIPO_EFICACIAS VALUES(3,2)
INSERT INTO TIPO_EFICACIAS VALUES(3,3)
INSERT INTO TIPO_EFICACIAS VALUES(3,1)
INSERT INTO TIPO_EFICACIAS VALUES(3,2)
INSERT INTO TIPO_EFICACIAS VALUES(3,2)
INSERT INTO TIPO_EFICACIAS VALUES(3,2)
INSERT INTO TIPO_EFICACIAS VALUES(3,2)
INSERT INTO TIPO_EFICACIAS VALUES(3,2)
INSERT INTO TIPO_EFICACIAS VALUES(4,2)
INSERT INTO TIPO_EFICACIAS VALUES(4,2)
INSERT INTO TIPO_EFICACIAS VALUES(4,2)
INSERT INTO TIPO_EFICACIAS VALUES(4,1)
INSERT INTO TIPO_EFICACIAS VALUES(4,1)
INSERT INTO TIPO_EFICACIAS VALUES(4,1)
INSERT INTO TIPO_EFICACIAS VALUES(4,2)
INSERT INTO TIPO_EFICACIAS VALUES(4,1)
INSERT INTO TIPO_EFICACIAS VALUES(4,0)
INSERT INTO TIPO_EFICACIAS VALUES(4,2)
INSERT INTO TIPO_EFICACIAS VALUES(4,2)
INSERT INTO TIPO_EFICACIAS VALUES(4,3)
INSERT INTO TIPO_EFICACIAS VALUES(4,2)
INSERT INTO TIPO_EFICACIAS VALUES(4,2)
INSERT INTO TIPO_EFICACIAS VALUES(4,2)
INSERT INTO TIPO_EFICACIAS VALUES(4,2)
INSERT INTO TIPO_EFICACIAS VALUES(4,2)
INSERT INTO TIPO_EFICACIAS VALUES(4,3)
INSERT INTO TIPO_EFICACIAS VALUES(5,2)
INSERT INTO TIPO_EFICACIAS VALUES(5,2)
INSERT INTO TIPO_EFICACIAS VALUES(5,0)
INSERT INTO TIPO_EFICACIAS VALUES(5,3)
INSERT INTO TIPO_EFICACIAS VALUES(5,2)
INSERT INTO TIPO_EFICACIAS VALUES(5,3)
INSERT INTO TIPO_EFICACIAS VALUES(5,1)
INSERT INTO TIPO_EFICACIAS VALUES(5,2)
INSERT INTO TIPO_EFICACIAS VALUES(5,3)
INSERT INTO TIPO_EFICACIAS VALUES(5,3)
INSERT INTO TIPO_EFICACIAS VALUES(5,2)
INSERT INTO TIPO_EFICACIAS VALUES(5,1)
INSERT INTO TIPO_EFICACIAS VALUES(5,3)
INSERT INTO TIPO_EFICACIAS VALUES(5,2)
INSERT INTO TIPO_EFICACIAS VALUES(5,2)
INSERT INTO TIPO_EFICACIAS VALUES(5,2)
INSERT INTO TIPO_EFICACIAS VALUES(5,2)
INSERT INTO TIPO_EFICACIAS VALUES(5,2)
INSERT INTO TIPO_EFICACIAS VALUES(6,2)
INSERT INTO TIPO_EFICACIAS VALUES(6,1)
INSERT INTO TIPO_EFICACIAS VALUES(6,3)
INSERT INTO TIPO_EFICACIAS VALUES(6,2)
INSERT INTO TIPO_EFICACIAS VALUES(6,1)
INSERT INTO TIPO_EFICACIAS VALUES(6,2)
INSERT INTO TIPO_EFICACIAS VALUES(6,3)
INSERT INTO TIPO_EFICACIAS VALUES(6,2)
INSERT INTO TIPO_EFICACIAS VALUES(6,1)
INSERT INTO TIPO_EFICACIAS VALUES(6,3)
INSERT INTO TIPO_EFICACIAS VALUES(6,2)
INSERT INTO TIPO_EFICACIAS VALUES(6,2)
INSERT INTO TIPO_EFICACIAS VALUES(6,2)
INSERT INTO TIPO_EFICACIAS VALUES(6,2)
INSERT INTO TIPO_EFICACIAS VALUES(6,3)
INSERT INTO TIPO_EFICACIAS VALUES(6,2)
INSERT INTO TIPO_EFICACIAS VALUES(6,2)
INSERT INTO TIPO_EFICACIAS VALUES(6,2)
INSERT INTO TIPO_EFICACIAS VALUES(7,2)
INSERT INTO TIPO_EFICACIAS VALUES(7,1)
INSERT INTO TIPO_EFICACIAS VALUES(7,1)
INSERT INTO TIPO_EFICACIAS VALUES(7,1)
INSERT INTO TIPO_EFICACIAS VALUES(7,2)
INSERT INTO TIPO_EFICACIAS VALUES(7,2)
INSERT INTO TIPO_EFICACIAS VALUES(7,2)
INSERT INTO TIPO_EFICACIAS VALUES(7,1)
INSERT INTO TIPO_EFICACIAS VALUES(7,1)
INSERT INTO TIPO_EFICACIAS VALUES(7,1)
INSERT INTO TIPO_EFICACIAS VALUES(7,2)
INSERT INTO TIPO_EFICACIAS VALUES(7,3)
INSERT INTO TIPO_EFICACIAS VALUES(7,2)
INSERT INTO TIPO_EFICACIAS VALUES(7,3)
INSERT INTO TIPO_EFICACIAS VALUES(7,2)
INSERT INTO TIPO_EFICACIAS VALUES(7,2)
INSERT INTO TIPO_EFICACIAS VALUES(7,3)
INSERT INTO TIPO_EFICACIAS VALUES(7,1)
INSERT INTO TIPO_EFICACIAS VALUES(8,0)
INSERT INTO TIPO_EFICACIAS VALUES(8,2)
INSERT INTO TIPO_EFICACIAS VALUES(8,2)
INSERT INTO TIPO_EFICACIAS VALUES(8,2)
INSERT INTO TIPO_EFICACIAS VALUES(8,2)
INSERT INTO TIPO_EFICACIAS VALUES(8,2)
INSERT INTO TIPO_EFICACIAS VALUES(8,2)
INSERT INTO TIPO_EFICACIAS VALUES(8,3)
INSERT INTO TIPO_EFICACIAS VALUES(8,2)
INSERT INTO TIPO_EFICACIAS VALUES(8,2)
INSERT INTO TIPO_EFICACIAS VALUES(8,2)
INSERT INTO TIPO_EFICACIAS VALUES(8,2)
INSERT INTO TIPO_EFICACIAS VALUES(8,2)
INSERT INTO TIPO_EFICACIAS VALUES(8,3)
INSERT INTO TIPO_EFICACIAS VALUES(8,2)
INSERT INTO TIPO_EFICACIAS VALUES(8,2)
INSERT INTO TIPO_EFICACIAS VALUES(8,1)
INSERT INTO TIPO_EFICACIAS VALUES(8,2)
INSERT INTO TIPO_EFICACIAS VALUES(9,2)
INSERT INTO TIPO_EFICACIAS VALUES(9,2)
INSERT INTO TIPO_EFICACIAS VALUES(9,2)
INSERT INTO TIPO_EFICACIAS VALUES(9,2)
INSERT INTO TIPO_EFICACIAS VALUES(9,2)
INSERT INTO TIPO_EFICACIAS VALUES(9,3)
INSERT INTO TIPO_EFICACIAS VALUES(9,2)
INSERT INTO TIPO_EFICACIAS VALUES(9,2)
INSERT INTO TIPO_EFICACIAS VALUES(9,1)
INSERT INTO TIPO_EFICACIAS VALUES(9,1)
INSERT INTO TIPO_EFICACIAS VALUES(9,1)
INSERT INTO TIPO_EFICACIAS VALUES(9,2)
INSERT INTO TIPO_EFICACIAS VALUES(9,1)
INSERT INTO TIPO_EFICACIAS VALUES(9,2)
INSERT INTO TIPO_EFICACIAS VALUES(9,3)
INSERT INTO TIPO_EFICACIAS VALUES(9,2)
INSERT INTO TIPO_EFICACIAS VALUES(9,2)
INSERT INTO TIPO_EFICACIAS VALUES(9,3)
INSERT INTO TIPO_EFICACIAS VALUES(10,2)
INSERT INTO TIPO_EFICACIAS VALUES(10,2)
INSERT INTO TIPO_EFICACIAS VALUES(10,2)
INSERT INTO TIPO_EFICACIAS VALUES(10,2)
INSERT INTO TIPO_EFICACIAS VALUES(10,2)
INSERT INTO TIPO_EFICACIAS VALUES(10,1)
INSERT INTO TIPO_EFICACIAS VALUES(10,3)
INSERT INTO TIPO_EFICACIAS VALUES(10,2)
INSERT INTO TIPO_EFICACIAS VALUES(10,3)
INSERT INTO TIPO_EFICACIAS VALUES(10,1)
INSERT INTO TIPO_EFICACIAS VALUES(10,1)
INSERT INTO TIPO_EFICACIAS VALUES(10,3)
INSERT INTO TIPO_EFICACIAS VALUES(10,2)
INSERT INTO TIPO_EFICACIAS VALUES(10,2)
INSERT INTO TIPO_EFICACIAS VALUES(10,3)
INSERT INTO TIPO_EFICACIAS VALUES(10,1)
INSERT INTO TIPO_EFICACIAS VALUES(10,2)
INSERT INTO TIPO_EFICACIAS VALUES(10,2)
INSERT INTO TIPO_EFICACIAS VALUES(11,2)
INSERT INTO TIPO_EFICACIAS VALUES(11,2)
INSERT INTO TIPO_EFICACIAS VALUES(11,2)
INSERT INTO TIPO_EFICACIAS VALUES(11,2)
INSERT INTO TIPO_EFICACIAS VALUES(11,3)
INSERT INTO TIPO_EFICACIAS VALUES(11,3)
INSERT INTO TIPO_EFICACIAS VALUES(11,2)
INSERT INTO TIPO_EFICACIAS VALUES(11,2)
INSERT INTO TIPO_EFICACIAS VALUES(11,2)
INSERT INTO TIPO_EFICACIAS VALUES(11,3)
INSERT INTO TIPO_EFICACIAS VALUES(11,1)
INSERT INTO TIPO_EFICACIAS VALUES(11,1)
INSERT INTO TIPO_EFICACIAS VALUES(11,2)
INSERT INTO TIPO_EFICACIAS VALUES(11,2)
INSERT INTO TIPO_EFICACIAS VALUES(11,2)
INSERT INTO TIPO_EFICACIAS VALUES(11,1)
INSERT INTO TIPO_EFICACIAS VALUES(11,2)
INSERT INTO TIPO_EFICACIAS VALUES(11,2)
INSERT INTO TIPO_EFICACIAS VALUES(12,2)
INSERT INTO TIPO_EFICACIAS VALUES(12,2)
INSERT INTO TIPO_EFICACIAS VALUES(12,1)
INSERT INTO TIPO_EFICACIAS VALUES(12,1)
INSERT INTO TIPO_EFICACIAS VALUES(12,3)
INSERT INTO TIPO_EFICACIAS VALUES(12,3)
INSERT INTO TIPO_EFICACIAS VALUES(12,1)
INSERT INTO TIPO_EFICACIAS VALUES(12,2)
INSERT INTO TIPO_EFICACIAS VALUES(12,1)
INSERT INTO TIPO_EFICACIAS VALUES(12,1)
INSERT INTO TIPO_EFICACIAS VALUES(12,3)
INSERT INTO TIPO_EFICACIAS VALUES(12,1)
INSERT INTO TIPO_EFICACIAS VALUES(12,2)
INSERT INTO TIPO_EFICACIAS VALUES(12,2)
INSERT INTO TIPO_EFICACIAS VALUES(12,2)
INSERT INTO TIPO_EFICACIAS VALUES(12,1)
INSERT INTO TIPO_EFICACIAS VALUES(12,2)
INSERT INTO TIPO_EFICACIAS VALUES(12,2)
INSERT INTO TIPO_EFICACIAS VALUES(13,2)
INSERT INTO TIPO_EFICACIAS VALUES(13,2)
INSERT INTO TIPO_EFICACIAS VALUES(13,3)
INSERT INTO TIPO_EFICACIAS VALUES(13,2)
INSERT INTO TIPO_EFICACIAS VALUES(13,0)
INSERT INTO TIPO_EFICACIAS VALUES(13,2)
INSERT INTO TIPO_EFICACIAS VALUES(13,2)
INSERT INTO TIPO_EFICACIAS VALUES(13,2)
INSERT INTO TIPO_EFICACIAS VALUES(13,2)
INSERT INTO TIPO_EFICACIAS VALUES(13,2)
INSERT INTO TIPO_EFICACIAS VALUES(13,3)
INSERT INTO TIPO_EFICACIAS VALUES(13,1)
INSERT INTO TIPO_EFICACIAS VALUES(13,1)
INSERT INTO TIPO_EFICACIAS VALUES(13,2)
INSERT INTO TIPO_EFICACIAS VALUES(13,2)
INSERT INTO TIPO_EFICACIAS VALUES(13,1)
INSERT INTO TIPO_EFICACIAS VALUES(13,2)
INSERT INTO TIPO_EFICACIAS VALUES(13,2)
INSERT INTO TIPO_EFICACIAS VALUES(13,2)
INSERT INTO TIPO_EFICACIAS VALUES(13,1)
INSERT INTO TIPO_EFICACIAS VALUES(13,2)
INSERT INTO TIPO_EFICACIAS VALUES(13,2)
INSERT INTO TIPO_EFICACIAS VALUES(13,2)
INSERT INTO TIPO_EFICACIAS VALUES(13,2)
INSERT INTO TIPO_EFICACIAS VALUES(13,2)
INSERT INTO TIPO_EFICACIAS VALUES(13,3)
INSERT INTO TIPO_EFICACIAS VALUES(13,2)
INSERT INTO TIPO_EFICACIAS VALUES(13,2)
INSERT INTO TIPO_EFICACIAS VALUES(13,2)
INSERT INTO TIPO_EFICACIAS VALUES(13,2)
INSERT INTO TIPO_EFICACIAS VALUES(13,2)
INSERT INTO TIPO_EFICACIAS VALUES(13,3)
INSERT INTO TIPO_EFICACIAS VALUES(13,2)
INSERT INTO TIPO_EFICACIAS VALUES(13,2)
INSERT INTO TIPO_EFICACIAS VALUES(13,1)
INSERT INTO TIPO_EFICACIAS VALUES(13,1)
INSERT INTO TIPO_EFICACIAS VALUES(13,2)
INSERT INTO TIPO_EFICACIAS VALUES(13,3)
INSERT INTO TIPO_EFICACIAS VALUES(13,2)
INSERT INTO TIPO_EFICACIAS VALUES(13,1)
INSERT INTO TIPO_EFICACIAS VALUES(13,2)
INSERT INTO TIPO_EFICACIAS VALUES(13,2)
INSERT INTO TIPO_EFICACIAS VALUES(13,2)
INSERT INTO TIPO_EFICACIAS VALUES(13,2)
INSERT INTO TIPO_EFICACIAS VALUES(13,1)
INSERT INTO TIPO_EFICACIAS VALUES(13,1)
INSERT INTO TIPO_EFICACIAS VALUES(13,2)
INSERT INTO TIPO_EFICACIAS VALUES(13,2)
INSERT INTO TIPO_EFICACIAS VALUES(13,2)
INSERT INTO TIPO_EFICACIAS VALUES(13,2)
INSERT INTO TIPO_EFICACIAS VALUES(13,2)
INSERT INTO TIPO_EFICACIAS VALUES(13,3)
INSERT INTO TIPO_EFICACIAS VALUES(13,3)
INSERT INTO TIPO_EFICACIAS VALUES(13,2)
INSERT INTO TIPO_EFICACIAS VALUES(14,2)
INSERT INTO TIPO_EFICACIAS VALUES(14,3)
INSERT INTO TIPO_EFICACIAS VALUES(14,2)
INSERT INTO TIPO_EFICACIAS VALUES(14,3)
INSERT INTO TIPO_EFICACIAS VALUES(14,2)
INSERT INTO TIPO_EFICACIAS VALUES(14,2)
INSERT INTO TIPO_EFICACIAS VALUES(14,2)
INSERT INTO TIPO_EFICACIAS VALUES(14,2)
INSERT INTO TIPO_EFICACIAS VALUES(14,1)
INSERT INTO TIPO_EFICACIAS VALUES(14,2)
INSERT INTO TIPO_EFICACIAS VALUES(14,2)
INSERT INTO TIPO_EFICACIAS VALUES(14,2)
INSERT INTO TIPO_EFICACIAS VALUES(14,2)
INSERT INTO TIPO_EFICACIAS VALUES(14,1)
INSERT INTO TIPO_EFICACIAS VALUES(14,2)
INSERT INTO TIPO_EFICACIAS VALUES(14,2)
INSERT INTO TIPO_EFICACIAS VALUES(14,0)
INSERT INTO TIPO_EFICACIAS VALUES(14,2)
INSERT INTO TIPO_EFICACIAS VALUES(15,2)
INSERT INTO TIPO_EFICACIAS VALUES(15,2)
INSERT INTO TIPO_EFICACIAS VALUES(15,3)
INSERT INTO TIPO_EFICACIAS VALUES(15,2)
INSERT INTO TIPO_EFICACIAS VALUES(15,3)
INSERT INTO TIPO_EFICACIAS VALUES(15,2)
INSERT INTO TIPO_EFICACIAS VALUES(15,2)
INSERT INTO TIPO_EFICACIAS VALUES(15,2)
INSERT INTO TIPO_EFICACIAS VALUES(15,1)
INSERT INTO TIPO_EFICACIAS VALUES(15,1)
INSERT INTO TIPO_EFICACIAS VALUES(15,1)
INSERT INTO TIPO_EFICACIAS VALUES(15,3)
INSERT INTO TIPO_EFICACIAS VALUES(15,2)
INSERT INTO TIPO_EFICACIAS VALUES(15,2)
INSERT INTO TIPO_EFICACIAS VALUES(15,1)
INSERT INTO TIPO_EFICACIAS VALUES(15,3)
INSERT INTO TIPO_EFICACIAS VALUES(15,2)
INSERT INTO TIPO_EFICACIAS VALUES(15,2)
INSERT INTO TIPO_EFICACIAS VALUES(16,2)
INSERT INTO TIPO_EFICACIAS VALUES(16,2)
INSERT INTO TIPO_EFICACIAS VALUES(16,2)
INSERT INTO TIPO_EFICACIAS VALUES(16,2)
INSERT INTO TIPO_EFICACIAS VALUES(16,2)
INSERT INTO TIPO_EFICACIAS VALUES(16,2)
INSERT INTO TIPO_EFICACIAS VALUES(16,2)
INSERT INTO TIPO_EFICACIAS VALUES(16,2)
INSERT INTO TIPO_EFICACIAS VALUES(16,1)
INSERT INTO TIPO_EFICACIAS VALUES(16,2)
INSERT INTO TIPO_EFICACIAS VALUES(16,2)
INSERT INTO TIPO_EFICACIAS VALUES(16,2)
INSERT INTO TIPO_EFICACIAS VALUES(16,2)
INSERT INTO TIPO_EFICACIAS VALUES(16,2)
INSERT INTO TIPO_EFICACIAS VALUES(16,2)
INSERT INTO TIPO_EFICACIAS VALUES(16,3)
INSERT INTO TIPO_EFICACIAS VALUES(16,2)
INSERT INTO TIPO_EFICACIAS VALUES(16,0)
INSERT INTO EVOLUCION_POKEMON VALUES(1,1)
INSERT INTO EVOLUCION_POKEMON VALUES(1,3)
INSERT INTO EVOLUCION_POKEMON VALUES(2,2)
INSERT INTO EVOLUCION_POKEMON VALUES(2,1)
COMMIT
